<?xml version="1.0" encoding="UTF-8" ?>
<testsuite failures="0" time="72.15" errors="0" skipped="0" tests="10" name="org.cs.basic.dao.TestUserDao">
  <properties>
    <property name="java.runtime.name" value="Java(TM) SE Runtime Environment"/>
    <property name="sun.boot.library.path" value="D:\MyEclipse Professional 2014\binary\com.sun.java.jdk7.win32.x86_64_1.7.0.u45\jre\bin"/>
    <property name="java.vm.version" value="24.45-b08"/>
    <property name="java.vm.vendor" value="Oracle Corporation"/>
    <property name="maven.multiModuleProjectDirectory" value="$M2_HOME"/>
    <property name="java.vendor.url" value="http://java.oracle.com/"/>
    <property name="path.separator" value=";"/>
    <property name="guice.disable.misplaced.annotation.check" value="true"/>
    <property name="java.vm.name" value="Java HotSpot(TM) 64-Bit Server VM"/>
    <property name="file.encoding.pkg" value="sun.io"/>
    <property name="user.script" value=""/>
    <property name="user.country" value="CN"/>
    <property name="sun.java.launcher" value="SUN_STANDARD"/>
    <property name="sun.os.patch.level" value="Service Pack 1"/>
    <property name="java.vm.specification.name" value="Java Virtual Machine Specification"/>
    <property name="user.dir" value="D:\workspace\cms-parent"/>
    <property name="java.runtime.version" value="1.7.0_45-b18"/>
    <property name="java.awt.graphicsenv" value="sun.awt.Win32GraphicsEnvironment"/>
    <property name="java.endorsed.dirs" value="D:\MyEclipse Professional 2014\binary\com.sun.java.jdk7.win32.x86_64_1.7.0.u45\jre\lib\endorsed"/>
    <property name="os.arch" value="amd64"/>
    <property name="java.io.tmpdir" value="C:\Users\ADMINI~1\AppData\Local\Temp\"/>
    <property name="line.separator" value="
"/>
    <property name="java.vm.specification.vendor" value="Oracle Corporation"/>
    <property name="user.variant" value=""/>
    <property name="os.name" value="Windows 7"/>
    <property name="classworlds.conf" value="D:\workspace\.metadata\.plugins\org.eclipse.m2e.launching\launches\m2conf818374162059245226.tmp"/>
    <property name="sun.jnu.encoding" value="GBK"/>
    <property name="java.library.path" value="D:\MyEclipse Professional 2014\binary\com.sun.java.jdk7.win32.x86_64_1.7.0.u45\bin;C:\Windows\Sun\Java\bin;C:\Windows\system32;C:\Windows;C:\Windows\system32;C:\Windows;C:\Windows\System32\Wbem;C:\Windows\System32\WindowsPowerShell\v1.0\;D:\Program Files\Java\jdk1.7.0_67\bin;C:\Program Files\Microsoft\Web Platform Installer\;C:\Program Files (x86)\Microsoft ASP.NET\ASP.NET Web Pages\v1.0\;C:\Program Files (x86)\Windows Kits\8.0\Windows Performance Toolkit\;d:\Program Files\Git\cmd;D:\java\apache-maven-3.3.9\bin;D:\mysql-5.7.13-winx64\bin;;."/>
    <property name="java.specification.name" value="Java Platform API Specification"/>
    <property name="java.class.version" value="51.0"/>
    <property name="sun.management.compiler" value="HotSpot 64-Bit Tiered Compilers"/>
    <property name="os.version" value="6.1"/>
    <property name="user.home" value="C:\Users\Administrator"/>
    <property name="user.timezone" value="Asia/Shanghai"/>
    <property name="java.awt.printerjob" value="sun.awt.windows.WPrinterJob"/>
    <property name="java.specification.version" value="1.7"/>
    <property name="file.encoding" value="GBK"/>
    <property name="user.name" value="Mr.Cheng"/>
    <property name="java.class.path" value="D:\java\apache-maven-3.3.9\boot\plexus-classworlds-2.5.2.jar"/>
    <property name="java.vm.specification.version" value="1.7"/>
    <property name="sun.arch.data.model" value="64"/>
    <property name="java.home" value="D:\MyEclipse Professional 2014\binary\com.sun.java.jdk7.win32.x86_64_1.7.0.u45\jre"/>
    <property name="sun.java.command" value="org.codehaus.classworlds.Launcher -B -s D:\java\apache-maven-3.3.9\conf\settings.xml clean install"/>
    <property name="java.specification.vendor" value="Oracle Corporation"/>
    <property name="user.language" value="zh"/>
    <property name="awt.toolkit" value="sun.awt.windows.WToolkit"/>
    <property name="java.vm.info" value="mixed mode"/>
    <property name="java.version" value="1.7.0_45"/>
    <property name="java.ext.dirs" value="D:\MyEclipse Professional 2014\binary\com.sun.java.jdk7.win32.x86_64_1.7.0.u45\jre\lib\ext;C:\Windows\Sun\Java\lib\ext"/>
    <property name="sun.boot.class.path" value="D:\MyEclipse Professional 2014\binary\com.sun.java.jdk7.win32.x86_64_1.7.0.u45\jre\lib\resources.jar;D:\MyEclipse Professional 2014\binary\com.sun.java.jdk7.win32.x86_64_1.7.0.u45\jre\lib\rt.jar;D:\MyEclipse Professional 2014\binary\com.sun.java.jdk7.win32.x86_64_1.7.0.u45\jre\lib\sunrsasign.jar;D:\MyEclipse Professional 2014\binary\com.sun.java.jdk7.win32.x86_64_1.7.0.u45\jre\lib\jsse.jar;D:\MyEclipse Professional 2014\binary\com.sun.java.jdk7.win32.x86_64_1.7.0.u45\jre\lib\jce.jar;D:\MyEclipse Professional 2014\binary\com.sun.java.jdk7.win32.x86_64_1.7.0.u45\jre\lib\charsets.jar;D:\MyEclipse Professional 2014\binary\com.sun.java.jdk7.win32.x86_64_1.7.0.u45\jre\lib\jfr.jar;D:\MyEclipse Professional 2014\binary\com.sun.java.jdk7.win32.x86_64_1.7.0.u45\jre\classes"/>
    <property name="java.vendor" value="Oracle Corporation"/>
    <property name="maven.home" value="D:\java\apache-maven-3.3.9"/>
    <property name="file.separator" value="\"/>
    <property name="java.vendor.url.bug" value="http://bugreport.sun.com/bugreport/"/>
    <property name="maven.bootclasspath" value="D:\java\apache-maven-3.3.9\boot\plexus-classworlds-2.5.2.jar"/>
    <property name="sun.cpu.endian" value="little"/>
    <property name="sun.io.unicode.encoding" value="UnicodeLittle"/>
    <property name="sun.desktop" value="windows"/>
    <property name="sun.cpu.isalist" value="amd64"/>
  </properties>
  <testcase time="4.859" classname="org.cs.basic.dao.TestUserDao" name="testLoad"/>
  <testcase time="5.137" classname="org.cs.basic.dao.TestUserDao" name="testDelete"/>
  <testcase time="4.564" classname="org.cs.basic.dao.TestUserDao" name="testListByArgs"/>
  <testcase time="4.401" classname="org.cs.basic.dao.TestUserDao" name="testListByArgsAndAlias"/>
  <testcase time="4.047" classname="org.cs.basic.dao.TestUserDao" name="testFindByArgs"/>
  <testcase time="4.961" classname="org.cs.basic.dao.TestUserDao" name="testFindByArgsAndAlias"/>
  <testcase time="6.8" classname="org.cs.basic.dao.TestUserDao" name="testListSQLByArgs"/>
  <testcase time="12.648" classname="org.cs.basic.dao.TestUserDao" name="testListSQLByArgsAndAlias"/>
  <testcase time="15.058" classname="org.cs.basic.dao.TestUserDao" name="testFindSQLByArgs"/>
  <testcase time="9.675" classname="org.cs.basic.dao.TestUserDao" name="testFindSQLByArgsAndAlias"/>
</testsuite>